Running savilerow for T=(). I found 1581 solutions
Running savilerow for T=(1,2). I found 3038 solutions
Running savilerow for T=(1,2)(3,4). I found 2997 solutions
Running savilerow for T=(1,2)(3,4)(5,6). I found 1519 solutions
Running savilerow for T=(1,2)(3,4)(5,6)(7,8). I found 342 solutions
Running savilerow for T=(1,2,3). I found 1464 solutions
Running savilerow for T=(1,2,3)(4,5). I found 2028 solutions
Running savilerow for T=(1,2,3)(4,5)(6,7). I found 1008 solutions
Running savilerow for T=(1,2,3)(4,5,6). I found 360 solutions
Running savilerow for T=(1,2,3)(4,5,6)(7,8). I found 177 solutions
Running savilerow for T=(1,2,3,4). I found 449 solutions
Running savilerow for T=(1,2,3,4)(5,6). I found 480 solutions
Running savilerow for T=(1,2,3,4)(5,6)(7,8). I found 144 solutions
Running savilerow for T=(1,2,3,4)(5,6,7). I found 144 solutions
Running savilerow for T=(1,2,3,4)(5,6,7,8). I found 10 solutions
Running savilerow for T=(1,2,3,4,5). I found 120 solutions
Running savilerow for T=(1,2,3,4,5)(6,7). I found 100 solutions
Running savilerow for T=(1,2,3,4,5)(6,7,8). I found 15 solutions
Running savilerow for T=(1,2,3,4,5,6). I found 27 solutions
Running savilerow for T=(1,2,3,4,5,6)(7,8). I found 12 solutions
Running savilerow for T=(1,2,3,4,5,6,7). I found 7 solutions
Running savilerow for T=(1,2,3,4,5,6,7,8). I found 1 solutions
I constructed 16023 racks in 2758475ms (= 0:45:58.475)
gap> compute_racks(9);
