Running savilerow for T=(). I found 11079 solutions
Running savilerow for T=(1,2). I found 25964 solutions
Running savilerow for T=(1,2)(3,4). I found 29510 solutions
Running savilerow for T=(1,2)(3,4)(5,6). I found 17878 solutions
Running savilerow for T=(1,2)(3,4)(5,6)(7,8). I found 5090 solutions
Running savilerow for T=(1,2,3). I found 11870 solutions
Running savilerow for T=(1,2,3)(4,5). I found 19962 solutions
Running savilerow for T=(1,2,3)(4,5)(6,7). I found 13104 solutions
Running savilerow for T=(1,2,3)(4,5)(6,7)(8,9). I found 2900 solutions
Running savilerow for T=(1,2,3)(4,5,6). I found 3724 solutions
Running savilerow for T=(1,2,3)(4,5,6)(7,8). I found 3078 solutions
Running savilerow for T=(1,2,3)(4,5,6)(7,8,9). I found 148 solutions
Running savilerow for T=(1,2,3,4). I found 3456 solutions
Running savilerow for T=(1,2,3,4)(5,6). I found 4864 solutions
Running savilerow for T=(1,2,3,4)(5,6)(7,8). I found 2304 solutions
Running savilerow for T=(1,2,3,4)(5,6,7). I found 1368 solutions
Running savilerow for T=(1,2,3,4)(5,6,7)(8,9). I found 576 solutions
Running savilerow for T=(1,2,3,4)(5,6,7,8). I found 140 solutions
Running savilerow for T=(1,2,3,4,5). I found 800 solutions
Running savilerow for T=(1,2,3,4,5)(6,7). I found 850 solutions
Running savilerow for T=(1,2,3,4,5)(6,7)(8,9). I found 220 solutions
Running savilerow for T=(1,2,3,4,5)(6,7,8). I found 225 solutions
Running savilerow for T=(1,2,3,4,5)(6,7,8,9). I found 20 solutions
Running savilerow for T=(1,2,3,4,5,6). I found 176 solutions
Running savilerow for T=(1,2,3,4,5,6)(7,8). I found 144 solutions
Running savilerow for T=(1,2,3,4,5,6)(7,8,9). I found 18 solutions
Running savilerow for T=(1,2,3,4,5,6,7). I found 35 solutions
Running savilerow for T=(1,2,3,4,5,6,7)(8,9). I found 14 solutions
Running savilerow for T=(1,2,3,4,5,6,7,8). I found 8 solutions
Running savilerow for T=(1,2,3,4,5,6,7,8,9). I found 1 solutions
I constructed 159526 racks in 217874274ms (=60:31:14.274)
gap> 