Running savilerow for T=(). I found 15534 solutions
Running savilerow for T=(1,2). I found 41732 solutions
Running savilerow for T=(1,2)(3,4). I found 61438 solutions
Running savilerow for T=(1,2)(3,4)(5,6). I found 52866 solutions
Running savilerow for T=(1,2)(3,4)(5,6)(7,8). I found 24345 solutions
Running savilerow for T=(1,2,3). I found 13061 solutions
Running savilerow for T=(1,2,3)(4,5). I found 23109 solutions
Running savilerow for T=(1,2,3)(4,5)(6,7). I found 19728 solutions
Running savilerow for T=(1,2,3)(4,5)(6,7)(8,9). I found 6482 solutions
Running savilerow for T=(1,2,3)(4,5,6). I found 4787 solutions
Running savilerow for T=(1,2,3)(4,5,6)(7,8). I found 4084 solutions
Running savilerow for T=(1,2,3)(4,5,6)(7,8,9). I found 397 solutions
Running savilerow for T=(1,2,3,4). I found 11320 solutions
Running savilerow for T=(1,2,3,4)(5,6). I found 18248 solutions
Running savilerow for T=(1,2,3,4)(5,6)(7,8). I found 12980 solutions
Running savilerow for T=(1,2,3,4)(5,6,7). I found 3420 solutions
Running savilerow for T=(1,2,3,4)(5,6,7)(8,9). I found 1908 solutions
Running savilerow for T=(1,2,3,4)(5,6,7,8). I found 1608 solutions
Running savilerow for T=(1,2,3,4,5). I found 780 solutions
Running savilerow for T=(1,2,3,4,5)(6,7). I found 910 solutions
Running savilerow for T=(1,2,3,4,5)(6,7)(8,9). I found 300 solutions
Running savilerow for T=(1,2,3,4,5)(6,7,8). I found 225 solutions
Running savilerow for T=(1,2,3,4,5)(6,7,8,9). I found 50 solutions
Running savilerow for T=(1,2,3,4,5,6). I found 1176 solutions
Running savilerow for T=(1,2,3,4,5,6)(7,8). I found 1109 solutions
Running savilerow for T=(1,2,3,4,5,6)(7,8,9). I found 172 solutions
Running savilerow for T=(1,2,3,4,5,6,7). I found 35 solutions
Running savilerow for T=(1,2,3,4,5,6,7)(8,9). I found 14 solutions
Running savilerow for T=(1,2,3,4,5,6,7,8). I found 104 solutions
Running savilerow for T=(1,2,3,4,5,6,7,8,9). I found 9 solutions
I constructed 321931 solutions in 318703093ms (=88:31:43.093)
gap> 